# JRE version: OpenJDK Runtime Environment (11.0.8+10) (build 11.0.8+10-b944.6842174)
# Java VM: OpenJDK 64-Bit Server VM (11.0.8+10-b944.6842174, mixed mode, tiered, compressed oops, g1 gc, windows-amd64)
Heap:
 garbage-first heap   total 239616K, used 204709K [0x0000000080000000, 0x0000000100000000)
  region size 1024K, 55 young (56320K), 5 survivors (5120K)
 Metaspace       used 125005K, capacity 128310K, committed 128640K, reserved 1161216K
  class space    used 15264K, capacity 16423K, committed 16512K, reserved 1048576K
GC Heap History (20 events):
Event: 123.849 GC heap before
{Heap before GC invocations=65 (full 0):
 garbage-first heap   total 239616K, used 199458K [0x0000000080000000, 0x0000000100000000)
  region size 1024K, 90 young (92160K), 11 survivors (11264K)
 Metaspace       used 107939K, capacity 110329K, committed 110592K, reserved 1144832K
  class space    used 13451K, capacity 14315K, committed 14336K, reserved 1048576K
}
Event: 123.893 GC heap after
{Heap after GC invocations=66 (full 0):
 garbage-first heap   total 239616K, used 129750K [0x0000000080000000, 0x0000000100000000)
  region size 1024K, 12 young (12288K), 12 survivors (12288K)
 Metaspace       used 107939K, capacity 110329K, committed 110592K, reserved 1144832K
  class space    used 13451K, capacity 14315K, committed 14336K, reserved 1048576K
}
Event: 126.399 GC heap before
{Heap before GC invocations=66 (full 0):
 garbage-first heap   total 239616K, used 195286K [0x0000000080000000, 0x0000000100000000)
  region size 1024K, 74 young (75776K), 12 survivors (12288K)
 Metaspace       used 114859K, capacity 117503K, committed 117632K, reserved 1150976K
  class space    used 14174K, capacity 15123K, committed 15232K, reserved 1048576K
}
Event: 126.438 GC heap after
{Heap after GC invocations=67 (full 0):
 garbage-first heap   total 239616K, used 139702K [0x0000000080000000, 0x0000000100000000)
  region size 1024K, 7 young (7168K), 7 survivors (7168K)
 Metaspace       used 114859K, capacity 117503K, committed 117632K, reserved 1150976K
  class space    used 14174K, capacity 15123K, committed 15232K, reserved 1048576K
}
Event: 127.950 GC heap before
{Heap before GC invocations=67 (full 0):
 garbage-first heap   total 239616K, used 196022K [0x0000000080000000, 0x0000000100000000)
  region size 1024K, 62 young (63488K), 7 survivors (7168K)
 Metaspace       used 117549K, capacity 120374K, committed 120576K, reserved 1155072K
  class space    used 14563K, capacity 15608K, committed 15616K, reserved 1048576K
}
Event: 127.969 GC heap after
{Heap after GC invocations=68 (full 0):
 garbage-first heap   total 239616K, used 142029K [0x0000000080000000, 0x0000000100000000)
  region size 1024K, 3 young (3072K), 3 survivors (3072K)
 Metaspace       used 117549K, capacity 120374K, committed 120576K, reserved 1155072K
  class space    used 14563K, capacity 15608K, committed 15616K, reserved 1048576K
}
Event: 129.241 GC heap before
{Heap before GC invocations=68 (full 0):
 garbage-first heap   total 239616K, used 200397K [0x0000000080000000, 0x0000000100000000)
  region size 1024K, 58 young (59392K), 3 survivors (3072K)
 Metaspace       used 120286K, capacity 123474K, committed 123648K, reserved 1157120K
  class space    used 14956K, capacity 16107K, committed 16128K, reserved 1048576K
}
Event: 129.254 GC heap after
{Heap after GC invocations=69 (full 0):
 garbage-first heap   total 239616K, used 144553K [0x0000000080000000, 0x0000000100000000)
  region size 1024K, 5 young (5120K), 5 survivors (5120K)
 Metaspace       used 120286K, capacity 123474K, committed 123648K, reserved 1157120K
  class space    used 14956K, capacity 16107K, committed 16128K, reserved 1048576K
}
Event: 133.133 GC heap before
{Heap before GC invocations=69 (full 0):
 garbage-first heap   total 239616K, used 198825K [0x0000000080000000, 0x0000000100000000)
  region size 1024K, 59 young (60416K), 5 survivors (5120K)
 Metaspace       used 120493K, capacity 123695K, committed 123904K, reserved 1157120K
  class space    used 14965K, capacity 16112K, committed 16128K, reserved 1048576K
}
Event: 133.148 GC heap after
{Heap after GC invocations=70 (full 0):
 garbage-first heap   total 239616K, used 144757K [0x0000000080000000, 0x0000000100000000)
  region size 1024K, 7 young (7168K), 7 survivors (7168K)
 Metaspace       used 120493K, capacity 123695K, committed 123904K, reserved 1157120K
  class space    used 14965K, capacity 16112K, committed 16128K, reserved 1048576K
}
Event: 227.871 GC heap before
{Heap before GC invocations=70 (full 0):
 garbage-first heap   total 239616K, used 200053K [0x0000000080000000, 0x0000000100000000)
  region size 1024K, 62 young (63488K), 7 survivors (7168K)
 Metaspace       used 124009K, capacity 127350K, committed 127616K, reserved 1161216K
  class space    used 15246K, capacity 16393K, committed 16512K, reserved 1048576K
}
Event: 227.894 GC heap after
{Heap after GC invocations=71 (full 0):
 garbage-first heap   total 239616K, used 145432K [0x0000000080000000, 0x0000000100000000)
  region size 1024K, 4 young (4096K), 4 survivors (4096K)
 Metaspace       used 124009K, capacity 127350K, committed 127616K, reserved 1161216K
  class space    used 15246K, capacity 16393K, committed 16512K, reserved 1048576K
}
Event: 230.758 GC heap before
{Heap before GC invocations=71 (full 0):
 garbage-first heap   total 239616K, used 200728K [0x0000000080000000, 0x0000000100000000)
  region size 1024K, 59 young (60416K), 4 survivors (4096K)
 Metaspace       used 124467K, capacity 127760K, committed 127872K, reserved 1161216K
  class space    used 15253K, capacity 16407K, committed 16512K, reserved 1048576K
}
Event: 230.780 GC heap after
{Heap after GC invocations=72 (full 0):
 garbage-first heap   total 239616K, used 149835K [0x0000000080000000, 0x0000000100000000)
  region size 1024K, 8 young (8192K), 8 survivors (8192K)
 Metaspace       used 124467K, capacity 127760K, committed 127872K, reserved 1161216K
  class space    used 15253K, capacity 16407K, committed 16512K, reserved 1048576K
}
Event: 231.733 GC heap before
{Heap before GC invocations=72 (full 0):
 garbage-first heap   total 239616K, used 201035K [0x0000000080000000, 0x0000000100000000)
  region size 1024K, 59 young (60416K), 8 survivors (8192K)
 Metaspace       used 124526K, capacity 127826K, committed 128128K, reserved 1161216K
  class space    used 15253K, capacity 16407K, committed 16512K, reserved 1048576K
}
Event: 231.759 GC heap after
{Heap after GC invocations=73 (full 0):
 garbage-first heap   total 239616K, used 151449K [0x0000000080000000, 0x0000000100000000)
  region size 1024K, 2 young (2048K), 2 survivors (2048K)
 Metaspace       used 124526K, capacity 127826K, committed 128128K, reserved 1161216K
  class space    used 15253K, capacity 16407K, committed 16512K, reserved 1048576K
}
Event: 238.148 GC heap before
{Heap before GC invocations=73 (full 0):
 garbage-first heap   total 239616K, used 202649K [0x0000000080000000, 0x0000000100000000)
  region size 1024K, 53 young (54272K), 2 survivors (2048K)
 Metaspace       used 124609K, capacity 128028K, committed 128384K, reserved 1161216K
  class space    used 15254K, capacity 16408K, committed 16512K, reserved 1048576K
}
Event: 238.156 GC heap after
{Heap after GC invocations=74 (full 0):
 garbage-first heap   total 239616K, used 151855K [0x0000000080000000, 0x0000000100000000)
  region size 1024K, 3 young (3072K), 3 survivors (3072K)
 Metaspace       used 124609K, capacity 128028K, committed 128384K, reserved 1161216K
  class space    used 15254K, capacity 16408K, committed 16512K, reserved 1048576K
}
Event: 356.503 GC heap before
{Heap before GC invocations=74 (full 0):
 garbage-first heap   total 239616K, used 203055K [0x0000000080000000, 0x0000000100000000)
  region size 1024K, 54 young (55296K), 3 survivors (3072K)
 Metaspace       used 124887K, capacity 128227K, committed 128384K, reserved 1161216K
  class space    used 15263K, capacity 16421K, committed 16512K, reserved 1048576K
}
Event: 356.523 GC heap after
{Heap after GC invocations=75 (full 0):
 garbage-first heap   total 239616K, used 154533K [0x0000000080000000, 0x0000000100000000)
  region size 1024K, 5 young (5120K), 5 survivors (5120K)
 Metaspace       used 124887K, capacity 128227K, committed 128384K, reserved 1161216K
  class space    used 15263K, capacity 16421K, committed 16512K, reserved 1048576K
}

