# JRE version: OpenJDK Runtime Environment (11.0.8+10) (build 11.0.8+10-b944.6842174)
# Java VM: OpenJDK 64-Bit Server VM (11.0.8+10-b944.6842174, mixed mode, tiered, compressed oops, g1 gc, windows-amd64)
Heap:
 garbage-first heap   total 147456K, used 123031K [0x0000000080000000, 0x0000000100000000)
  region size 1024K, 24 young (24576K), 1 survivors (1024K)
 Metaspace       used 90270K, capacity 92372K, committed 92544K, reserved 1130496K
  class space    used 11633K, capacity 12373K, committed 12416K, reserved 1048576K
GC Heap History (20 events):
Event: 138.794 GC heap before
{Heap before GC invocations=101 (full 0):
 garbage-first heap   total 122880K, used 98184K [0x0000000080000000, 0x0000000100000000)
  region size 1024K, 6 young (6144K), 2 survivors (2048K)
 Metaspace       used 82811K, capacity 84647K, committed 84864K, reserved 1122304K
  class space    used 10652K, capacity 11327K, committed 11392K, reserved 1048576K
}
Event: 138.828 GC heap after
{Heap after GC invocations=102 (full 0):
 garbage-first heap   total 122880K, used 85958K [0x0000000080000000, 0x0000000100000000)
  region size 1024K, 1 young (1024K), 1 survivors (1024K)
 Metaspace       used 82811K, capacity 84647K, committed 84864K, reserved 1122304K
  class space    used 10652K, capacity 11327K, committed 11392K, reserved 1048576K
}
Event: 140.392 GC heap before
{Heap before GC invocations=102 (full 0):
 garbage-first heap   total 122880K, used 91078K [0x0000000080000000, 0x0000000100000000)
  region size 1024K, 6 young (6144K), 1 survivors (1024K)
 Metaspace       used 83223K, capacity 85095K, committed 85248K, reserved 1122304K
  class space    used 10715K, capacity 11391K, committed 11520K, reserved 1048576K
}
Event: 140.415 GC heap after
{Heap after GC invocations=103 (full 0):
 garbage-first heap   total 122880K, used 85223K [0x0000000080000000, 0x0000000100000000)
  region size 1024K, 1 young (1024K), 1 survivors (1024K)
 Metaspace       used 83223K, capacity 85095K, committed 85248K, reserved 1122304K
  class space    used 10715K, capacity 11391K, committed 11520K, reserved 1048576K
}
Event: 143.332 GC heap before
{Heap before GC invocations=103 (full 0):
 garbage-first heap   total 122880K, used 99559K [0x0000000080000000, 0x0000000100000000)
  region size 1024K, 15 young (15360K), 1 survivors (1024K)
 Metaspace       used 84664K, capacity 86503K, committed 86656K, reserved 1124352K
  class space    used 10910K, capacity 11583K, committed 11648K, reserved 1048576K
}
Event: 143.345 GC heap after
{Heap after GC invocations=104 (full 0):
 garbage-first heap   total 147456K, used 85440K [0x0000000080000000, 0x0000000100000000)
  region size 1024K, 1 young (1024K), 1 survivors (1024K)
 Metaspace       used 84664K, capacity 86503K, committed 86656K, reserved 1124352K
  class space    used 10910K, capacity 11583K, committed 11648K, reserved 1048576K
}
Event: 146.739 GC heap before
{Heap before GC invocations=104 (full 0):
 garbage-first heap   total 147456K, used 112064K [0x0000000080000000, 0x0000000100000000)
  region size 1024K, 27 young (27648K), 1 survivors (1024K)
 Metaspace       used 86938K, capacity 88775K, committed 88960K, reserved 1126400K
  class space    used 11162K, capacity 11807K, committed 11904K, reserved 1048576K
}
Event: 146.747 GC heap after
{Heap after GC invocations=105 (full 0):
 garbage-first heap   total 147456K, used 88059K [0x0000000080000000, 0x0000000100000000)
  region size 1024K, 4 young (4096K), 4 survivors (4096K)
 Metaspace       used 86938K, capacity 88775K, committed 88960K, reserved 1126400K
  class space    used 11162K, capacity 11807K, committed 11904K, reserved 1048576K
}
Event: 167.694 GC heap before
{Heap before GC invocations=105 (full 0):
 garbage-first heap   total 147456K, used 112635K [0x0000000080000000, 0x0000000100000000)
  region size 1024K, 29 young (29696K), 4 survivors (4096K)
 Metaspace       used 87871K, capacity 89750K, committed 89856K, reserved 1126400K
  class space    used 11304K, capacity 11980K, committed 12032K, reserved 1048576K
}
Event: 167.707 GC heap after
{Heap after GC invocations=106 (full 0):
 garbage-first heap   total 147456K, used 91626K [0x0000000080000000, 0x0000000100000000)
  region size 1024K, 4 young (4096K), 4 survivors (4096K)
 Metaspace       used 87871K, capacity 89750K, committed 89856K, reserved 1126400K
  class space    used 11304K, capacity 11980K, committed 12032K, reserved 1048576K
}
Event: 174.816 GC heap before
{Heap before GC invocations=106 (full 0):
 garbage-first heap   total 147456K, used 116202K [0x0000000080000000, 0x0000000100000000)
  region size 1024K, 28 young (28672K), 4 survivors (4096K)
 Metaspace       used 89680K, capacity 91805K, committed 92032K, reserved 1128448K
  class space    used 11565K, capacity 12300K, committed 12416K, reserved 1048576K
}
Event: 174.831 GC heap after
{Heap after GC invocations=107 (full 0):
 garbage-first heap   total 147456K, used 92610K [0x0000000080000000, 0x0000000100000000)
  region size 1024K, 1 young (1024K), 1 survivors (1024K)
 Metaspace       used 89680K, capacity 91805K, committed 92032K, reserved 1128448K
  class space    used 11565K, capacity 12300K, committed 12416K, reserved 1048576K
}
Event: 318.195 GC heap before
{Heap before GC invocations=107 (full 0):
 garbage-first heap   total 147456K, used 117185K [0x0000000080000000, 0x0000000100000000)
  region size 1024K, 26 young (26624K), 1 survivors (1024K)
 Metaspace       used 89958K, capacity 92144K, committed 92288K, reserved 1128448K
  class space    used 11605K, capacity 12364K, committed 12416K, reserved 1048576K
}
Event: 318.282 GC heap after
{Heap after GC invocations=108 (full 0):
 garbage-first heap   total 147456K, used 94977K [0x0000000080000000, 0x0000000100000000)
  region size 1024K, 4 young (4096K), 4 survivors (4096K)
 Metaspace       used 89958K, capacity 92144K, committed 92288K, reserved 1128448K
  class space    used 11605K, capacity 12364K, committed 12416K, reserved 1048576K
}
Event: 345.861 GC heap before
{Heap before GC invocations=108 (full 0):
 garbage-first heap   total 147456K, used 118529K [0x0000000080000000, 0x0000000100000000)
  region size 1024K, 28 young (28672K), 4 survivors (4096K)
 Metaspace       used 90056K, capacity 92219K, committed 92288K, reserved 1128448K
  class space    used 11612K, capacity 12368K, committed 12416K, reserved 1048576K
}
Event: 345.999 GC heap after
{Heap after GC invocations=109 (full 0):
 garbage-first heap   total 147456K, used 97953K [0x0000000080000000, 0x0000000100000000)
  region size 1024K, 4 young (4096K), 4 survivors (4096K)
 Metaspace       used 90056K, capacity 92219K, committed 92288K, reserved 1128448K
  class space    used 11612K, capacity 12368K, committed 12416K, reserved 1048576K
}
Event: 366.285 GC heap before
{Heap before GC invocations=109 (full 0):
 garbage-first heap   total 147456K, used 120481K [0x0000000080000000, 0x0000000100000000)
  region size 1024K, 27 young (27648K), 4 survivors (4096K)
 Metaspace       used 90250K, capacity 92304K, committed 92544K, reserved 1130496K
  class space    used 11632K, capacity 12372K, committed 12416K, reserved 1048576K
}
Event: 366.557 GC heap after
{Heap after GC invocations=110 (full 0):
 garbage-first heap   total 147456K, used 97116K [0x0000000080000000, 0x0000000100000000)
  region size 1024K, 2 young (2048K), 2 survivors (2048K)
 Metaspace       used 90250K, capacity 92304K, committed 92544K, reserved 1130496K
  class space    used 11632K, capacity 12372K, committed 12416K, reserved 1048576K
}
Event: 380.051 GC heap before
{Heap before GC invocations=110 (full 0):
 garbage-first heap   total 147456K, used 120668K [0x0000000080000000, 0x0000000100000000)
  region size 1024K, 26 young (26624K), 2 survivors (2048K)
 Metaspace       used 90260K, capacity 92368K, committed 92544K, reserved 1130496K
  class space    used 11632K, capacity 12372K, committed 12416K, reserved 1048576K
}
Event: 380.164 GC heap after
{Heap after GC invocations=111 (full 0):
 garbage-first heap   total 147456K, used 99482K [0x0000000080000000, 0x0000000100000000)
  region size 1024K, 4 young (4096K), 4 survivors (4096K)
 Metaspace       used 90260K, capacity 92368K, committed 92544K, reserved 1130496K
  class space    used 11632K, capacity 12372K, committed 12416K, reserved 1048576K
}

