# JRE version: OpenJDK Runtime Environment (11.0.8+10) (build 11.0.8+10-b944.6842174)
# Java VM: OpenJDK 64-Bit Server VM (11.0.8+10-b944.6842174, mixed mode, tiered, compressed oops, g1 gc, windows-amd64)
Heap:
 garbage-first heap   total 267264K, used 229132K [0x0000000080000000, 0x0000000100000000)
  region size 1024K, 85 young (87040K), 7 survivors (7168K)
 Metaspace       used 132220K, capacity 135599K, committed 135884K, reserved 1167360K
  class space    used 15989K, capacity 17218K, committed 17408K, reserved 1048576K
GC Heap History (20 events):
Event: 1342.610 GC heap after
{Heap after GC invocations=104 (full 0):
 garbage-first heap   total 267264K, used 146039K [0x0000000080000000, 0x0000000100000000)
  region size 1024K, 3 young (3072K), 3 survivors (3072K)
 Metaspace       used 130893K, capacity 134124K, committed 134604K, reserved 1167360K
  class space    used 15912K, capacity 17104K, committed 17408K, reserved 1048576K
}
Event: 1343.644 GC heap before
{Heap before GC invocations=104 (full 0):
 garbage-first heap   total 267264K, used 155255K [0x0000000080000000, 0x0000000100000000)
  region size 1024K, 13 young (13312K), 3 survivors (3072K)
 Metaspace       used 130973K, capacity 134210K, committed 134604K, reserved 1167360K
  class space    used 15913K, capacity 17106K, committed 17408K, reserved 1048576K
}
Event: 1344.104 GC heap after
{Heap after GC invocations=105 (full 0):
 garbage-first heap   total 267264K, used 140519K [0x0000000080000000, 0x0000000100000000)
  region size 1024K, 1 young (1024K), 1 survivors (1024K)
 Metaspace       used 130973K, capacity 134210K, committed 134604K, reserved 1167360K
  class space    used 15913K, capacity 17106K, committed 17408K, reserved 1048576K
}
Event: 1353.894 GC heap before
{Heap before GC invocations=105 (full 0):
 garbage-first heap   total 267264K, used 212199K [0x0000000080000000, 0x0000000100000000)
  region size 1024K, 72 young (73728K), 1 survivors (1024K)
 Metaspace       used 131413K, capacity 134663K, committed 135116K, reserved 1167360K
  class space    used 15925K, capacity 17119K, committed 17408K, reserved 1048576K
}
Event: 1353.931 GC heap after
{Heap after GC invocations=106 (full 0):
 garbage-first heap   total 267264K, used 144748K [0x0000000080000000, 0x0000000100000000)
  region size 1024K, 6 young (6144K), 6 survivors (6144K)
 Metaspace       used 131413K, capacity 134663K, committed 135116K, reserved 1167360K
  class space    used 15925K, capacity 17119K, committed 17408K, reserved 1048576K
}
Event: 1432.797 GC heap before
{Heap before GC invocations=106 (full 0):
 garbage-first heap   total 267264K, used 215404K [0x0000000080000000, 0x0000000100000000)
  region size 1024K, 76 young (77824K), 6 survivors (6144K)
 Metaspace       used 131515K, capacity 134796K, committed 135372K, reserved 1167360K
  class space    used 15925K, capacity 17119K, committed 17408K, reserved 1048576K
}
Event: 1432.985 GC heap after
{Heap after GC invocations=107 (full 0):
 garbage-first heap   total 267264K, used 146544K [0x0000000080000000, 0x0000000100000000)
  region size 1024K, 7 young (7168K), 7 survivors (7168K)
 Metaspace       used 131515K, capacity 134796K, committed 135372K, reserved 1167360K
  class space    used 15925K, capacity 17119K, committed 17408K, reserved 1048576K
}
Event: 1487.761 GC heap before
{Heap before GC invocations=108 (full 0):
 garbage-first heap   total 267264K, used 214128K [0x0000000080000000, 0x0000000100000000)
  region size 1024K, 78 young (79872K), 7 survivors (7168K)
 Metaspace       used 131595K, capacity 134815K, committed 135372K, reserved 1167360K
  class space    used 15928K, capacity 17122K, committed 17408K, reserved 1048576K
}
Event: 1488.184 GC heap after
{Heap after GC invocations=109 (full 0):
 garbage-first heap   total 267264K, used 144159K [0x0000000080000000, 0x0000000100000000)
  region size 1024K, 4 young (4096K), 4 survivors (4096K)
 Metaspace       used 131595K, capacity 134815K, committed 135372K, reserved 1167360K
  class space    used 15928K, capacity 17122K, committed 17408K, reserved 1048576K
}
Event: 1488.925 GC heap before
{Heap before GC invocations=109 (full 0):
 garbage-first heap   total 267264K, used 152351K [0x0000000080000000, 0x0000000100000000)
  region size 1024K, 13 young (13312K), 4 survivors (4096K)
 Metaspace       used 131603K, capacity 134816K, committed 135372K, reserved 1167360K
  class space    used 15928K, capacity 17122K, committed 17408K, reserved 1048576K
}
Event: 1489.180 GC heap after
{Heap after GC invocations=110 (full 0):
 garbage-first heap   total 267264K, used 135876K [0x0000000080000000, 0x0000000100000000)
  region size 1024K, 1 young (1024K), 1 survivors (1024K)
 Metaspace       used 131603K, capacity 134816K, committed 135372K, reserved 1167360K
  class space    used 15928K, capacity 17122K, committed 17408K, reserved 1048576K
}
Event: 1490.601 GC heap before
{Heap before GC invocations=110 (full 0):
 garbage-first heap   total 267264K, used 147140K [0x0000000080000000, 0x0000000100000000)
  region size 1024K, 13 young (13312K), 1 survivors (1024K)
 Metaspace       used 131617K, capacity 134822K, committed 135372K, reserved 1167360K
  class space    used 15929K, capacity 17123K, committed 17408K, reserved 1048576K
}
Event: 1490.948 GC heap after
{Heap after GC invocations=111 (full 0):
 garbage-first heap   total 267264K, used 130509K [0x0000000080000000, 0x0000000100000000)
  region size 1024K, 1 young (1024K), 1 survivors (1024K)
 Metaspace       used 131617K, capacity 134822K, committed 135372K, reserved 1167360K
  class space    used 15929K, capacity 17123K, committed 17408K, reserved 1048576K
}
Event: 1496.611 GC heap before
{Heap before GC invocations=111 (full 0):
 garbage-first heap   total 267264K, used 143821K [0x0000000080000000, 0x0000000100000000)
  region size 1024K, 13 young (13312K), 1 survivors (1024K)
 Metaspace       used 131643K, capacity 134834K, committed 135372K, reserved 1167360K
  class space    used 15930K, capacity 17125K, committed 17408K, reserved 1048576K
}
Event: 1496.948 GC heap after
{Heap after GC invocations=112 (full 0):
 garbage-first heap   total 267264K, used 130682K [0x0000000080000000, 0x0000000100000000)
  region size 1024K, 2 young (2048K), 2 survivors (2048K)
 Metaspace       used 131643K, capacity 134834K, committed 135372K, reserved 1167360K
  class space    used 15930K, capacity 17125K, committed 17408K, reserved 1048576K
}
Event: 1503.174 GC heap before
{Heap before GC invocations=112 (full 0):
 garbage-first heap   total 267264K, used 140922K [0x0000000080000000, 0x0000000100000000)
  region size 1024K, 13 young (13312K), 2 survivors (2048K)
 Metaspace       used 131655K, capacity 134834K, committed 135372K, reserved 1167360K
  class space    used 15930K, capacity 17125K, committed 17408K, reserved 1048576K
}
Event: 1503.375 GC heap after
{Heap after GC invocations=113 (full 0):
 garbage-first heap   total 267264K, used 130366K [0x0000000080000000, 0x0000000100000000)
  region size 1024K, 1 young (1024K), 1 survivors (1024K)
 Metaspace       used 131655K, capacity 134834K, committed 135372K, reserved 1167360K
  class space    used 15930K, capacity 17125K, committed 17408K, reserved 1048576K
}
Event: 1509.474 GC heap before
{Heap before GC invocations=113 (full 0):
 garbage-first heap   total 267264K, used 159038K [0x0000000080000000, 0x0000000100000000)
  region size 1024K, 31 young (31744K), 1 survivors (1024K)
 Metaspace       used 131717K, capacity 134976K, committed 135372K, reserved 1167360K
  class space    used 15932K, capacity 17128K, committed 17408K, reserved 1048576K
}
Event: 1509.498 GC heap after
{Heap after GC invocations=114 (full 0):
 garbage-first heap   total 267264K, used 130828K [0x0000000080000000, 0x0000000100000000)
  region size 1024K, 1 young (1024K), 1 survivors (1024K)
 Metaspace       used 131717K, capacity 134976K, committed 135372K, reserved 1167360K
  class space    used 15932K, capacity 17128K, committed 17408K, reserved 1048576K
}
Event: 1889.200 GC heap before
{Heap before GC invocations=115 (full 0):
 garbage-first heap   total 267264K, used 228108K [0x0000000080000000, 0x0000000100000000)
  region size 1024K, 79 young (80896K), 1 survivors (1024K)
 Metaspace       used 132220K, capacity 135599K, committed 135884K, reserved 1167360K
  class space    used 15989K, capacity 17218K, committed 17408K, reserved 1048576K
}

