# JRE version: OpenJDK Runtime Environment (11.0.8+10) (build 11.0.8+10-b944.6842174)
# Java VM: OpenJDK 64-Bit Server VM (11.0.8+10-b944.6842174, mixed mode, tiered, compressed oops, g1 gc, windows-amd64)
Heap:
 garbage-first heap   total 78848K, used 46364K [0x0000000080000000, 0x0000000100000000)
  region size 1024K, 33 young (33792K), 4 survivors (4096K)
 Metaspace       used 26885K, capacity 27483K, committed 27648K, reserved 1073152K
  class space    used 3540K, capacity 3756K, committed 3840K, reserved 1048576K
GC Heap History (14 events):
Event: 1.111 GC heap before
{Heap before GC invocations=0 (full 0):
 garbage-first heap   total 65536K, used 19456K [0x0000000080000000, 0x0000000100000000)
  region size 1024K, 14 young (14336K), 0 survivors (0K)
 Metaspace       used 7446K, capacity 7611K, committed 7680K, reserved 1056768K
  class space    used 683K, capacity 748K, committed 768K, reserved 1048576K
}
Event: 1.121 GC heap after
{Heap after GC invocations=1 (full 0):
 garbage-first heap   total 65536K, used 7665K [0x0000000080000000, 0x0000000100000000)
  region size 1024K, 2 young (2048K), 2 survivors (2048K)
 Metaspace       used 7446K, capacity 7611K, committed 7680K, reserved 1056768K
  class space    used 683K, capacity 748K, committed 768K, reserved 1048576K
}
Event: 1.674 GC heap before
{Heap before GC invocations=1 (full 0):
 garbage-first heap   total 65536K, used 18929K [0x0000000080000000, 0x0000000100000000)
  region size 1024K, 13 young (13312K), 2 survivors (2048K)
 Metaspace       used 10440K, capacity 10640K, committed 11008K, reserved 1058816K
  class space    used 1100K, capacity 1164K, committed 1280K, reserved 1048576K
}
Event: 1.681 GC heap after
{Heap after GC invocations=2 (full 0):
 garbage-first heap   total 65536K, used 8728K [0x0000000080000000, 0x0000000100000000)
  region size 1024K, 1 young (1024K), 1 survivors (1024K)
 Metaspace       used 10440K, capacity 10640K, committed 11008K, reserved 1058816K
  class space    used 1100K, capacity 1164K, committed 1280K, reserved 1048576K
}
Event: 2.142 GC heap before
{Heap before GC invocations=2 (full 0):
 garbage-first heap   total 65536K, used 30232K [0x0000000080000000, 0x0000000100000000)
  region size 1024K, 23 young (23552K), 1 survivors (1024K)
 Metaspace       used 10565K, capacity 10769K, committed 11008K, reserved 1058816K
  class space    used 1100K, capacity 1164K, committed 1280K, reserved 1048576K
}
Event: 2.148 GC heap after
{Heap after GC invocations=3 (full 0):
 garbage-first heap   total 65536K, used 10997K [0x0000000080000000, 0x0000000100000000)
  region size 1024K, 3 young (3072K), 3 survivors (3072K)
 Metaspace       used 10565K, capacity 10769K, committed 11008K, reserved 1058816K
  class space    used 1100K, capacity 1164K, committed 1280K, reserved 1048576K
}
Event: 3.706 GC heap before
{Heap before GC invocations=3 (full 0):
 garbage-first heap   total 65536K, used 35573K [0x0000000080000000, 0x0000000100000000)
  region size 1024K, 27 young (27648K), 3 survivors (3072K)
 Metaspace       used 13902K, capacity 14179K, committed 14208K, reserved 1062912K
  class space    used 1563K, capacity 1642K, committed 1664K, reserved 1048576K
}
Event: 3.716 GC heap after
{Heap after GC invocations=4 (full 0):
 garbage-first heap   total 65536K, used 14456K [0x0000000080000000, 0x0000000100000000)
  region size 1024K, 4 young (4096K), 4 survivors (4096K)
 Metaspace       used 13902K, capacity 14179K, committed 14208K, reserved 1062912K
  class space    used 1563K, capacity 1642K, committed 1664K, reserved 1048576K
}
Event: 5.915 GC heap before
{Heap before GC invocations=4 (full 0):
 garbage-first heap   total 65536K, used 38008K [0x0000000080000000, 0x0000000100000000)
  region size 1024K, 28 young (28672K), 4 survivors (4096K)
 Metaspace       used 18995K, capacity 19464K, committed 19712K, reserved 1067008K
  class space    used 2302K, capacity 2456K, committed 2560K, reserved 1048576K
}
Event: 5.929 GC heap after
{Heap after GC invocations=5 (full 0):
 garbage-first heap   total 78848K, used 15961K [0x0000000080000000, 0x0000000100000000)
  region size 1024K, 2 young (2048K), 2 survivors (2048K)
 Metaspace       used 18995K, capacity 19464K, committed 19712K, reserved 1067008K
  class space    used 2302K, capacity 2456K, committed 2560K, reserved 1048576K
}
Event: 6.524 GC heap before
{Heap before GC invocations=5 (full 0):
 garbage-first heap   total 78848K, used 26201K [0x0000000080000000, 0x0000000100000000)
  region size 1024K, 14 young (14336K), 2 survivors (2048K)
 Metaspace       used 20658K, capacity 21105K, committed 21248K, reserved 1067008K
  class space    used 2532K, capacity 2710K, committed 2816K, reserved 1048576K
}
Event: 6.530 GC heap after
{Heap after GC invocations=6 (full 0):
 garbage-first heap   total 78848K, used 16355K [0x0000000080000000, 0x0000000100000000)
  region size 1024K, 2 young (2048K), 2 survivors (2048K)
 Metaspace       used 20658K, capacity 21105K, committed 21248K, reserved 1067008K
  class space    used 2532K, capacity 2710K, committed 2816K, reserved 1048576K
}
Event: 7.720 GC heap before
{Heap before GC invocations=7 (full 0):
 garbage-first heap   total 78848K, used 44003K [0x0000000080000000, 0x0000000100000000)
  region size 1024K, 30 young (30720K), 2 survivors (2048K)
 Metaspace       used 24065K, capacity 24669K, committed 24832K, reserved 1071104K
  class space    used 3065K, capacity 3262K, committed 3328K, reserved 1048576K
}
Event: 7.728 GC heap after
{Heap after GC invocations=8 (full 0):
 garbage-first heap   total 78848K, used 17692K [0x0000000080000000, 0x0000000100000000)
  region size 1024K, 4 young (4096K), 4 survivors (4096K)
 Metaspace       used 24065K, capacity 24669K, committed 24832K, reserved 1071104K
  class space    used 3065K, capacity 3262K, committed 3328K, reserved 1048576K
}

