# JRE version: OpenJDK Runtime Environment (11.0.8+10) (build 11.0.8+10-b944.6842174)
# Java VM: OpenJDK 64-Bit Server VM (11.0.8+10-b944.6842174, mixed mode, tiered, compressed oops, g1 gc, windows-amd64)
Heap:
 garbage-first heap   total 116736K, used 90228K [0x0000000080000000, 0x0000000100000000)
  region size 1024K, 29 young (29696K), 3 survivors (3072K)
 Metaspace       used 76629K, capacity 78339K, committed 78464K, reserved 1118208K
  class space    used 9735K, capacity 10339K, committed 10368K, reserved 1048576K
GC Heap History (20 events):
Event: 54.613 GC heap before
{Heap before GC invocations=37 (full 0):
 garbage-first heap   total 78848K, used 66599K [0x0000000080000000, 0x0000000100000000)
  region size 1024K, 14 young (14336K), 2 survivors (2048K)
 Metaspace       used 61970K, capacity 63436K, committed 63488K, reserved 1103872K
  class space    used 7866K, capacity 8403K, committed 8448K, reserved 1048576K
}
Event: 54.625 GC heap after
{Heap after GC invocations=38 (full 0):
 garbage-first heap   total 78848K, used 56123K [0x0000000080000000, 0x0000000100000000)
  region size 1024K, 2 young (2048K), 2 survivors (2048K)
 Metaspace       used 61970K, capacity 63436K, committed 63488K, reserved 1103872K
  class space    used 7866K, capacity 8403K, committed 8448K, reserved 1048576K
}
Event: 54.878 GC heap before
{Heap before GC invocations=39 (full 0):
 garbage-first heap   total 78848K, used 67387K [0x0000000080000000, 0x0000000100000000)
  region size 1024K, 13 young (13312K), 2 survivors (2048K)
 Metaspace       used 62157K, capacity 63628K, committed 63744K, reserved 1103872K
  class space    used 7875K, capacity 8403K, committed 8448K, reserved 1048576K
}
Event: 54.887 GC heap after
{Heap after GC invocations=40 (full 0):
 garbage-first heap   total 78848K, used 57281K [0x0000000080000000, 0x0000000100000000)
  region size 1024K, 2 young (2048K), 2 survivors (2048K)
 Metaspace       used 62157K, capacity 63628K, committed 63744K, reserved 1103872K
  class space    used 7875K, capacity 8403K, committed 8448K, reserved 1048576K
}
Event: 55.244 GC heap before
{Heap before GC invocations=40 (full 0):
 garbage-first heap   total 78848K, used 66497K [0x0000000080000000, 0x0000000100000000)
  region size 1024K, 11 young (11264K), 2 survivors (2048K)
 Metaspace       used 63165K, capacity 64664K, committed 64896K, reserved 1105920K
  class space    used 7997K, capacity 8534K, committed 8576K, reserved 1048576K
}
Event: 55.251 GC heap after
{Heap after GC invocations=41 (full 0):
 garbage-first heap   total 78848K, used 57922K [0x0000000080000000, 0x0000000100000000)
  region size 1024K, 1 young (1024K), 1 survivors (1024K)
 Metaspace       used 63165K, capacity 64664K, committed 64896K, reserved 1105920K
  class space    used 7997K, capacity 8534K, committed 8576K, reserved 1048576K
}
Event: 55.610 GC heap before
{Heap before GC invocations=42 (full 0):
 garbage-first heap   total 78848K, used 67138K [0x0000000080000000, 0x0000000100000000)
  region size 1024K, 10 young (10240K), 1 survivors (1024K)
 Metaspace       used 64158K, capacity 65627K, committed 65792K, reserved 1105920K
  class space    used 8135K, capacity 8663K, committed 8704K, reserved 1048576K
}
Event: 55.615 GC heap after
{Heap after GC invocations=43 (full 0):
 garbage-first heap   total 78848K, used 58220K [0x0000000080000000, 0x0000000100000000)
  region size 1024K, 1 young (1024K), 1 survivors (1024K)
 Metaspace       used 64158K, capacity 65627K, committed 65792K, reserved 1105920K
  class space    used 8135K, capacity 8663K, committed 8704K, reserved 1048576K
}
Event: 56.193 GC heap before
{Heap before GC invocations=43 (full 0):
 garbage-first heap   total 78848K, used 67436K [0x0000000080000000, 0x0000000100000000)
  region size 1024K, 10 young (10240K), 1 survivors (1024K)
 Metaspace       used 65447K, capacity 66918K, committed 67072K, reserved 1107968K
  class space    used 8387K, capacity 8924K, committed 8960K, reserved 1048576K
}
Event: 56.212 GC heap after
{Heap after GC invocations=44 (full 0):
 garbage-first heap   total 95232K, used 58560K [0x0000000080000000, 0x0000000100000000)
  region size 1024K, 2 young (2048K), 2 survivors (2048K)
 Metaspace       used 65447K, capacity 66918K, committed 67072K, reserved 1107968K
  class space    used 8387K, capacity 8924K, committed 8960K, reserved 1048576K
}
Event: 56.884 GC heap before
{Heap before GC invocations=45 (full 0):
 garbage-first heap   total 95232K, used 72896K [0x0000000080000000, 0x0000000100000000)
  region size 1024K, 17 young (17408K), 2 survivors (2048K)
 Metaspace       used 67295K, capacity 68768K, committed 68992K, reserved 1110016K
  class space    used 8713K, capacity 9262K, committed 9344K, reserved 1048576K
}
Event: 56.893 GC heap after
{Heap after GC invocations=46 (full 0):
 garbage-first heap   total 95232K, used 59660K [0x0000000080000000, 0x0000000100000000)
  region size 1024K, 3 young (3072K), 3 survivors (3072K)
 Metaspace       used 67295K, capacity 68768K, committed 68992K, reserved 1110016K
  class space    used 8713K, capacity 9262K, committed 9344K, reserved 1048576K
}
Event: 57.457 GC heap before
{Heap before GC invocations=46 (full 0):
 garbage-first heap   total 95232K, used 75020K [0x0000000080000000, 0x0000000100000000)
  region size 1024K, 18 young (18432K), 3 survivors (3072K)
 Metaspace       used 68722K, capacity 70287K, committed 70400K, reserved 1110016K
  class space    used 8903K, capacity 9443K, committed 9472K, reserved 1048576K
}
Event: 57.467 GC heap after
{Heap after GC invocations=47 (full 0):
 garbage-first heap   total 95232K, used 60860K [0x0000000080000000, 0x0000000100000000)
  region size 1024K, 3 young (3072K), 3 survivors (3072K)
 Metaspace       used 68722K, capacity 70287K, committed 70400K, reserved 1110016K
  class space    used 8903K, capacity 9443K, committed 9472K, reserved 1048576K
}
Event: 58.321 GC heap before
{Heap before GC invocations=48 (full 0):
 garbage-first heap   total 95232K, used 75196K [0x0000000080000000, 0x0000000100000000)
  region size 1024K, 18 young (18432K), 3 survivors (3072K)
 Metaspace       used 71143K, capacity 72827K, committed 73088K, reserved 1112064K
  class space    used 9225K, capacity 9828K, committed 9856K, reserved 1048576K
}
Event: 58.334 GC heap after
{Heap after GC invocations=49 (full 0):
 garbage-first heap   total 95232K, used 61984K [0x0000000080000000, 0x0000000100000000)
  region size 1024K, 3 young (3072K), 3 survivors (3072K)
 Metaspace       used 71143K, capacity 72827K, committed 73088K, reserved 1112064K
  class space    used 9225K, capacity 9828K, committed 9856K, reserved 1048576K
}
Event: 77.604 GC heap before
{Heap before GC invocations=49 (full 0):
 garbage-first heap   total 95232K, used 75296K [0x0000000080000000, 0x0000000100000000)
  region size 1024K, 17 young (17408K), 3 survivors (3072K)
 Metaspace       used 73198K, capacity 74800K, committed 75008K, reserved 1114112K
  class space    used 9422K, capacity 9973K, committed 9984K, reserved 1048576K
}
Event: 77.619 GC heap after
{Heap after GC invocations=50 (full 0):
 garbage-first heap   total 116736K, used 62160K [0x0000000080000000, 0x0000000100000000)
  region size 1024K, 2 young (2048K), 2 survivors (2048K)
 Metaspace       used 73198K, capacity 74800K, committed 75008K, reserved 1114112K
  class space    used 9422K, capacity 9973K, committed 9984K, reserved 1048576K
}
Event: 86.166 GC heap before
{Heap before GC invocations=51 (full 0):
 garbage-first heap   total 116736K, used 88784K [0x0000000080000000, 0x0000000100000000)
  region size 1024K, 28 young (28672K), 2 survivors (2048K)
 Metaspace       used 74928K, capacity 76624K, committed 76672K, reserved 1116160K
  class space    used 9518K, capacity 10076K, committed 10112K, reserved 1048576K
}
Event: 86.180 GC heap after
{Heap after GC invocations=52 (full 0):
 garbage-first heap   total 116736K, used 63604K [0x0000000080000000, 0x0000000100000000)
  region size 1024K, 3 young (3072K), 3 survivors (3072K)
 Metaspace       used 74928K, capacity 76624K, committed 76672K, reserved 1116160K
  class space    used 9518K, capacity 10076K, committed 10112K, reserved 1048576K
}

