# JRE version: OpenJDK Runtime Environment (11.0.8+10) (build 11.0.8+10-b944.6842174)
# Java VM: OpenJDK 64-Bit Server VM (11.0.8+10-b944.6842174, mixed mode, tiered, compressed oops, g1 gc, windows-amd64)
Heap:
 garbage-first heap   total 201728K, used 149244K [0x0000000080000000, 0x0000000100000000)
  region size 1024K, 14 young (14336K), 2 survivors (2048K)
 Metaspace       used 127441K, capacity 130803K, committed 135040K, reserved 1165312K
  class space    used 15793K, capacity 17041K, committed 18304K, reserved 1048576K
GC Heap History (20 events):
Event: 1128.469 GC heap before
{Heap before GC invocations=105 (full 0):
 garbage-first heap   total 201728K, used 159370K [0x0000000080000000, 0x0000000100000000)
  region size 1024K, 36 young (36864K), 1 survivors (1024K)
 Metaspace       used 121538K, capacity 124654K, committed 135040K, reserved 1165312K
  class space    used 15184K, capacity 16340K, committed 18304K, reserved 1048576K
}
Event: 1128.476 GC heap after
{Heap after GC invocations=106 (full 0):
 garbage-first heap   total 201728K, used 124444K [0x0000000080000000, 0x0000000100000000)
  region size 1024K, 2 young (2048K), 2 survivors (2048K)
 Metaspace       used 121538K, capacity 124654K, committed 135040K, reserved 1165312K
  class space    used 15184K, capacity 16340K, committed 18304K, reserved 1048576K
}
Event: 1144.256 GC heap before
{Heap before GC invocations=106 (full 0):
 garbage-first heap   total 201728K, used 160284K [0x0000000080000000, 0x0000000100000000)
  region size 1024K, 38 young (38912K), 2 survivors (2048K)
 Metaspace       used 121564K, capacity 124657K, committed 135040K, reserved 1165312K
  class space    used 15184K, capacity 16340K, committed 18304K, reserved 1048576K
}
Event: 1144.269 GC heap after
{Heap after GC invocations=107 (full 0):
 garbage-first heap   total 201728K, used 125465K [0x0000000080000000, 0x0000000100000000)
  region size 1024K, 3 young (3072K), 3 survivors (3072K)
 Metaspace       used 121564K, capacity 124657K, committed 135040K, reserved 1165312K
  class space    used 15184K, capacity 16340K, committed 18304K, reserved 1048576K
}
Event: 1146.789 GC heap before
{Heap before GC invocations=108 (full 0):
 garbage-first heap   total 201728K, used 164377K [0x0000000080000000, 0x0000000100000000)
  region size 1024K, 40 young (40960K), 3 survivors (3072K)
 Metaspace       used 121629K, capacity 124794K, committed 135040K, reserved 1165312K
  class space    used 15186K, capacity 16342K, committed 18304K, reserved 1048576K
}
Event: 1146.808 GC heap after
{Heap after GC invocations=109 (full 0):
 garbage-first heap   total 201728K, used 126992K [0x0000000080000000, 0x0000000100000000)
  region size 1024K, 4 young (4096K), 4 survivors (4096K)
 Metaspace       used 121629K, capacity 124794K, committed 135040K, reserved 1165312K
  class space    used 15186K, capacity 16342K, committed 18304K, reserved 1048576K
}
Event: 1146.928 GC heap before
{Heap before GC invocations=109 (full 0):
 garbage-first heap   total 201728K, used 131088K [0x0000000080000000, 0x0000000100000000)
  region size 1024K, 9 young (9216K), 4 survivors (4096K)
 Metaspace       used 121629K, capacity 124794K, committed 135040K, reserved 1165312K
  class space    used 15186K, capacity 16342K, committed 18304K, reserved 1048576K
}
Event: 1146.964 GC heap after
{Heap after GC invocations=110 (full 0):
 garbage-first heap   total 201728K, used 119922K [0x0000000080000000, 0x0000000100000000)
  region size 1024K, 1 young (1024K), 1 survivors (1024K)
 Metaspace       used 121629K, capacity 124794K, committed 135040K, reserved 1165312K
  class space    used 15186K, capacity 16342K, committed 18304K, reserved 1048576K
}
Event: 1148.190 GC heap before
{Heap before GC invocations=110 (full 0):
 garbage-first heap   total 201728K, used 161906K [0x0000000080000000, 0x0000000100000000)
  region size 1024K, 41 young (41984K), 1 survivors (1024K)
 Metaspace       used 121662K, capacity 124796K, committed 135040K, reserved 1165312K
  class space    used 15186K, capacity 16342K, committed 18304K, reserved 1048576K
}
Event: 1148.204 GC heap after
{Heap after GC invocations=111 (full 0):
 garbage-first heap   total 201728K, used 120941K [0x0000000080000000, 0x0000000100000000)
  region size 1024K, 2 young (2048K), 2 survivors (2048K)
 Metaspace       used 121662K, capacity 124796K, committed 135040K, reserved 1165312K
  class space    used 15186K, capacity 16342K, committed 18304K, reserved 1048576K
}
Event: 1148.378 GC heap before
{Heap before GC invocations=111 (full 0):
 garbage-first heap   total 201728K, used 129133K [0x0000000080000000, 0x0000000100000000)
  region size 1024K, 12 young (12288K), 2 survivors (2048K)
 Metaspace       used 121663K, capacity 124796K, committed 135040K, reserved 1165312K
  class space    used 15186K, capacity 16342K, committed 18304K, reserved 1048576K
}
Event: 1148.383 GC heap after
{Heap after GC invocations=112 (full 0):
 garbage-first heap   total 201728K, used 120904K [0x0000000080000000, 0x0000000100000000)
  region size 1024K, 2 young (2048K), 2 survivors (2048K)
 Metaspace       used 121663K, capacity 124796K, committed 135040K, reserved 1165312K
  class space    used 15186K, capacity 16342K, committed 18304K, reserved 1048576K
}
Event: 1153.313 GC heap before
{Heap before GC invocations=113 (full 0):
 garbage-first heap   total 201728K, used 159816K [0x0000000080000000, 0x0000000100000000)
  region size 1024K, 39 young (39936K), 2 survivors (2048K)
 Metaspace       used 122439K, capacity 125642K, committed 135040K, reserved 1165312K
  class space    used 15261K, capacity 16450K, committed 18304K, reserved 1048576K
}
Event: 1153.325 GC heap after
{Heap after GC invocations=114 (full 0):
 garbage-first heap   total 201728K, used 124679K [0x0000000080000000, 0x0000000100000000)
  region size 1024K, 5 young (5120K), 5 survivors (5120K)
 Metaspace       used 122439K, capacity 125642K, committed 135040K, reserved 1165312K
  class space    used 15261K, capacity 16450K, committed 18304K, reserved 1048576K
}
Event: 1153.470 GC heap before
{Heap before GC invocations=114 (full 0):
 garbage-first heap   total 201728K, used 130823K [0x0000000080000000, 0x0000000100000000)
  region size 1024K, 9 young (9216K), 5 survivors (5120K)
 Metaspace       used 122439K, capacity 125642K, committed 135040K, reserved 1165312K
  class space    used 15261K, capacity 16450K, committed 18304K, reserved 1048576K
}
Event: 1153.485 GC heap after
{Heap after GC invocations=115 (full 0):
 garbage-first heap   total 201728K, used 128446K [0x0000000080000000, 0x0000000100000000)
  region size 1024K, 2 young (2048K), 2 survivors (2048K)
 Metaspace       used 122439K, capacity 125642K, committed 135040K, reserved 1165312K
  class space    used 15261K, capacity 16450K, committed 18304K, reserved 1048576K
}
Event: 1155.076 GC heap before
{Heap before GC invocations=115 (full 0):
 garbage-first heap   total 201728K, used 164286K [0x0000000080000000, 0x0000000100000000)
  region size 1024K, 35 young (35840K), 2 survivors (2048K)
 Metaspace       used 124661K, capacity 127898K, committed 135040K, reserved 1165312K
  class space    used 15550K, capacity 16755K, committed 18304K, reserved 1048576K
}
Event: 1155.089 GC heap after
{Heap after GC invocations=116 (full 0):
 garbage-first heap   total 201728K, used 136110K [0x0000000080000000, 0x0000000100000000)
  region size 1024K, 5 young (5120K), 5 survivors (5120K)
 Metaspace       used 124661K, capacity 127898K, committed 135040K, reserved 1165312K
  class space    used 15550K, capacity 16755K, committed 18304K, reserved 1048576K
}
Event: 1155.654 GC heap before
{Heap before GC invocations=116 (full 0):
 garbage-first heap   total 201728K, used 146350K [0x0000000080000000, 0x0000000100000000)
  region size 1024K, 17 young (17408K), 5 survivors (5120K)
 Metaspace       used 126009K, capacity 129269K, committed 135040K, reserved 1165312K
  class space    used 15705K, capacity 16914K, committed 18304K, reserved 1048576K
}
Event: 1155.665 GC heap after
{Heap after GC invocations=117 (full 0):
 garbage-first heap   total 201728K, used 137980K [0x0000000080000000, 0x0000000100000000)
  region size 1024K, 2 young (2048K), 2 survivors (2048K)
 Metaspace       used 126009K, capacity 129269K, committed 135040K, reserved 1165312K
  class space    used 15705K, capacity 16914K, committed 18304K, reserved 1048576K
}

