# JRE version: OpenJDK Runtime Environment (11.0.8+10) (build 11.0.8+10-b944.6842174)
# Java VM: OpenJDK 64-Bit Server VM (11.0.8+10-b944.6842174, mixed mode, tiered, compressed oops, g1 gc, windows-amd64)
Heap:
 garbage-first heap   total 78848K, used 53088K [0x0000000080000000, 0x0000000100000000)
  region size 1024K, 38 young (38912K), 5 survivors (5120K)
 Metaspace       used 34361K, capacity 34979K, committed 35200K, reserved 1079296K
  class space    used 4449K, capacity 4699K, committed 4736K, reserved 1048576K
GC Heap History (17 events):
Event: 0.864 GC heap before
{Heap before GC invocations=0 (full 0):
 garbage-first heap   total 65536K, used 19456K [0x0000000080000000, 0x0000000100000000)
  region size 1024K, 14 young (14336K), 0 survivors (0K)
 Metaspace       used 7448K, capacity 7611K, committed 7680K, reserved 1056768K
  class space    used 683K, capacity 748K, committed 768K, reserved 1048576K
}
Event: 0.874 GC heap after
{Heap after GC invocations=1 (full 0):
 garbage-first heap   total 65536K, used 7725K [0x0000000080000000, 0x0000000100000000)
  region size 1024K, 2 young (2048K), 2 survivors (2048K)
 Metaspace       used 7448K, capacity 7611K, committed 7680K, reserved 1056768K
  class space    used 683K, capacity 748K, committed 768K, reserved 1048576K
}
Event: 1.453 GC heap before
{Heap before GC invocations=1 (full 0):
 garbage-first heap   total 65536K, used 18989K [0x0000000080000000, 0x0000000100000000)
  region size 1024K, 13 young (13312K), 2 survivors (2048K)
 Metaspace       used 10448K, capacity 10640K, committed 11008K, reserved 1058816K
  class space    used 1100K, capacity 1164K, committed 1280K, reserved 1048576K
}
Event: 1.458 GC heap after
{Heap after GC invocations=2 (full 0):
 garbage-first heap   total 65536K, used 8636K [0x0000000080000000, 0x0000000100000000)
  region size 1024K, 1 young (1024K), 1 survivors (1024K)
 Metaspace       used 10448K, capacity 10640K, committed 11008K, reserved 1058816K
  class space    used 1100K, capacity 1164K, committed 1280K, reserved 1048576K
}
Event: 1.952 GC heap before
{Heap before GC invocations=2 (full 0):
 garbage-first heap   total 65536K, used 30140K [0x0000000080000000, 0x0000000100000000)
  region size 1024K, 23 young (23552K), 1 survivors (1024K)
 Metaspace       used 10575K, capacity 10769K, committed 11008K, reserved 1058816K
  class space    used 1100K, capacity 1164K, committed 1280K, reserved 1048576K
}
Event: 1.957 GC heap after
{Heap after GC invocations=3 (full 0):
 garbage-first heap   total 65536K, used 11079K [0x0000000080000000, 0x0000000100000000)
  region size 1024K, 3 young (3072K), 3 survivors (3072K)
 Metaspace       used 10575K, capacity 10769K, committed 11008K, reserved 1058816K
  class space    used 1100K, capacity 1164K, committed 1280K, reserved 1048576K
}
Event: 3.344 GC heap before
{Heap before GC invocations=3 (full 0):
 garbage-first heap   total 65536K, used 34631K [0x0000000080000000, 0x0000000100000000)
  region size 1024K, 27 young (27648K), 3 survivors (3072K)
 Metaspace       used 13895K, capacity 14179K, committed 14208K, reserved 1062912K
  class space    used 1564K, capacity 1642K, committed 1664K, reserved 1048576K
}
Event: 3.353 GC heap after
{Heap after GC invocations=4 (full 0):
 garbage-first heap   total 65536K, used 14882K [0x0000000080000000, 0x0000000100000000)
  region size 1024K, 4 young (4096K), 4 survivors (4096K)
 Metaspace       used 13895K, capacity 14179K, committed 14208K, reserved 1062912K
  class space    used 1564K, capacity 1642K, committed 1664K, reserved 1048576K
}
Event: 5.442 GC heap before
{Heap before GC invocations=4 (full 0):
 garbage-first heap   total 65536K, used 38434K [0x0000000080000000, 0x0000000100000000)
  region size 1024K, 28 young (28672K), 4 survivors (4096K)
 Metaspace       used 18995K, capacity 19400K, committed 19712K, reserved 1067008K
  class space    used 2302K, capacity 2456K, committed 2560K, reserved 1048576K
}
Event: 5.451 GC heap after
{Heap after GC invocations=5 (full 0):
 garbage-first heap   total 78848K, used 16688K [0x0000000080000000, 0x0000000100000000)
  region size 1024K, 2 young (2048K), 2 survivors (2048K)
 Metaspace       used 18995K, capacity 19400K, committed 19712K, reserved 1067008K
  class space    used 2302K, capacity 2456K, committed 2560K, reserved 1048576K
}
Event: 6.400 GC heap before
{Heap before GC invocations=5 (full 0):
 garbage-first heap   total 78848K, used 27952K [0x0000000080000000, 0x0000000100000000)
  region size 1024K, 14 young (14336K), 2 survivors (2048K)
 Metaspace       used 20643K, capacity 21105K, committed 21248K, reserved 1067008K
  class space    used 2530K, capacity 2710K, committed 2816K, reserved 1048576K
}
Event: 6.409 GC heap after
{Heap after GC invocations=6 (full 0):
 garbage-first heap   total 78848K, used 17007K [0x0000000080000000, 0x0000000100000000)
  region size 1024K, 2 young (2048K), 2 survivors (2048K)
 Metaspace       used 20643K, capacity 21105K, committed 21248K, reserved 1067008K
  class space    used 2530K, capacity 2710K, committed 2816K, reserved 1048576K
}
Event: 7.634 GC heap before
{Heap before GC invocations=7 (full 0):
 garbage-first heap   total 78848K, used 44655K [0x0000000080000000, 0x0000000100000000)
  region size 1024K, 30 young (30720K), 2 survivors (2048K)
 Metaspace       used 24051K, capacity 24667K, committed 24832K, reserved 1071104K
  class space    used 3066K, capacity 3261K, committed 3328K, reserved 1048576K
}
Event: 7.642 GC heap after
{Heap after GC invocations=8 (full 0):
 garbage-first heap   total 78848K, used 18305K [0x0000000080000000, 0x0000000100000000)
  region size 1024K, 4 young (4096K), 4 survivors (4096K)
 Metaspace       used 24051K, capacity 24667K, committed 24832K, reserved 1071104K
  class space    used 3066K, capacity 3261K, committed 3328K, reserved 1048576K
}
Event: 8.848 GC heap before
{Heap before GC invocations=8 (full 0):
 garbage-first heap   total 78848K, used 49025K [0x0000000080000000, 0x0000000100000000)
  region size 1024K, 34 young (34816K), 4 survivors (4096K)
 Metaspace       used 27161K, capacity 27867K, committed 27904K, reserved 1073152K
  class space    used 3579K, capacity 3820K, committed 3840K, reserved 1048576K
}
Event: 8.857 GC heap after
{Heap after GC invocations=9 (full 0):
 garbage-first heap   total 78848K, used 19296K [0x0000000080000000, 0x0000000100000000)
  region size 1024K, 3 young (3072K), 3 survivors (3072K)
 Metaspace       used 27161K, capacity 27867K, committed 27904K, reserved 1073152K
  class space    used 3579K, capacity 3820K, committed 3840K, reserved 1048576K
}
Event: 10.180 GC heap before
{Heap before GC invocations=9 (full 0):
 garbage-first heap   total 78848K, used 53088K [0x0000000080000000, 0x0000000100000000)
  region size 1024K, 36 young (36864K), 3 survivors (3072K)
 Metaspace       used 34361K, capacity 34979K, committed 35200K, reserved 1079296K
  class space    used 4449K, capacity 4699K, committed 4736K, reserved 1048576K
}

